#
# There is insufficient memory for the Java Runtime Environment to continue.
# Native memory allocation (malloc) failed to allocate 2097152 bytes for AllocateHeap
# Possible reasons:
#   The system is out of physical RAM or swap space
#   The process is running with CompressedOops enabled, and the Java Heap may be blocking the growth of the native heap
# Possible solutions:
#   Reduce memory load on the system
#   Increase physical memory or swap space
#   Check if swap backing store is full
#   Decrease Java heap size (-Xmx/-Xms)
#   Decrease number of Java threads
#   Decrease Java thread stack sizes (-Xss)
#   Set larger code cache with -XX:ReservedCodeCacheSize=
#   JVM is running with Unscaled Compressed Oops mode in which the Java heap is
#     placed in the first 4GB address space. The Java Heap base address is the
#     maximum limit for the native heap growth. Please use -XX:HeapBaseMinAddress
#     to set the Java Heap base and to place the Java Heap above 4GB virtual address.
# This output file may be truncated or incomplete.
#
#  Out of Memory Error (allocation.cpp:44), pid=10708, tid=15948
#
# JRE version: OpenJDK Runtime Environment Temurin-17.0.3+7 (17.0.3+7) (build 17.0.3+7)
# Java VM: OpenJDK 64-Bit Server VM Temurin-17.0.3+7 (17.0.3+7, mixed mode, emulated-client, tiered, compressed oops, compressed class ptrs, g1 gc, windows-amd64)
# No core dump will be written. Minidumps are not enabled by default on client versions of Windows
#

---------------  S U M M A R Y ------------

Command Line: -Dsts.lsp.client=vscode -Dsts.log.file=/dev/null -XX:TieredStopAtLevel=1 -Dspring.config.location=file:c:\Users\user\.vscode\extensions\pivotal.vscode-spring-boot-1.33.0\language-server\BOOT-INF\classes\application.properties org.springframework.ide.vscode.boot.app.BootLanguageServerBootApp

Host: Intel(R) Core(TM) i5-6300U CPU @ 2.40GHz, 4 cores, 7G,  Windows 10 , 64 bit Build 19041 (10.0.19041.1706)
Time: Tue Jun  7 17:26:14 2022 Eastern Daylight Time elapsed time: 3206.278219 seconds (0d 0h 53m 26s)

---------------  T H R E A D  ---------------

Current thread (0x000001be14952c60):  VMThread "VM Thread" [stack: 0x000000597c100000,0x000000597c200000] [id=15948]

Stack: [0x000000597c100000,0x000000597c200000]
Native frames: (J=compiled Java code, j=interpreted, Vv=VM code, C=native code)
V  [jvm.dll+0x675efa]
V  [jvm.dll+0x830a24]
V  [jvm.dll+0x8321ce]
V  [jvm.dll+0x832833]
V  [jvm.dll+0x2454b5]
V  [jvm.dll+0xa6393]
V  [jvm.dll+0x2f5651]
V  [jvm.dll+0x2f12d0]
V  [jvm.dll+0x2d99b7]
V  [jvm.dll+0x31cac7]
V  [jvm.dll+0x836cdb]
V  [jvm.dll+0x837a14]
V  [jvm.dll+0x837f2c]
V  [jvm.dll+0x838304]
V  [jvm.dll+0x8383d0]
V  [jvm.dll+0x7e0cfa]
V  [jvm.dll+0x674d85]
C  [ucrtbase.dll+0x21bb2]
C  [KERNEL32.DLL+0x17034]
C  [ntdll.dll+0x52651]

VM_Operation (0x000000597d2fea60): G1CollectFull, mode: safepoint, requested by thread 0x000001be17441280


---------------  P R O C E S S  ---------------

Threads class SMR info:
_java_thread_list=0x000001be17aad180, length=22, elements={
0x000001be14923a60, 0x000001be149797d0, 0x000001be1542b070, 0x000001be1542ccf0,
0x000001be1542f0c0, 0x000001be15433380, 0x000001be15433de0, 0x000001be1543c7e0,
0x000001be1558e8c0, 0x000001be15597210, 0x000001be17441280, 0x000001be17766fe0,
0x000001be07fb3380, 0x000001be17573080, 0x000001be1765a850, 0x000001be15f24720,
0x000001be17884ec0, 0x000001be1787dab0, 0x000001be17900530, 0x000001be179013a0,
0x000001be17900a00, 0x000001be17901870
}

Java Threads: ( => current thread )
  0x000001be14923a60 JavaThread "Reference Handler" daemon [_thread_blocked, id=16336, stack(0x000000597c200000,0x000000597c300000)]
  0x000001be149797d0 JavaThread "Finalizer" daemon [_thread_blocked, id=15172, stack(0x000000597c300000,0x000000597c400000)]
  0x000001be1542b070 JavaThread "Signal Dispatcher" daemon [_thread_blocked, id=14256, stack(0x000000597c400000,0x000000597c500000)]
  0x000001be1542ccf0 JavaThread "Attach Listener" daemon [_thread_blocked, id=14212, stack(0x000000597c500000,0x000000597c600000)]
  0x000001be1542f0c0 JavaThread "Service Thread" daemon [_thread_blocked, id=17016, stack(0x000000597c600000,0x000000597c700000)]
  0x000001be15433380 JavaThread "Monitor Deflation Thread" daemon [_thread_blocked, id=16644, stack(0x000000597c700000,0x000000597c800000)]
  0x000001be15433de0 JavaThread "C1 CompilerThread0" daemon [_thread_blocked, id=16696, stack(0x000000597c800000,0x000000597c900000)]
  0x000001be1543c7e0 JavaThread "Sweeper thread" daemon [_thread_blocked, id=11220, stack(0x000000597c900000,0x000000597ca00000)]
  0x000001be1558e8c0 JavaThread "Notification Thread" daemon [_thread_blocked, id=10796, stack(0x000000597cc00000,0x000000597cd00000)]
  0x000001be15597210 JavaThread "Common-Cleaner" daemon [_thread_blocked, id=12372, stack(0x000000597ce00000,0x000000597cf00000)]
  0x000001be17441280 JavaThread "pool-7-thread-1" [_thread_blocked, id=6708, stack(0x000000597d200000,0x000000597d300000)]
  0x000001be17766fe0 JavaThread "LanguageServerApp-lifecycle" [_thread_blocked, id=1176, stack(0x000000597d300000,0x000000597d400000)]
  0x000001be07fb3380 JavaThread "DestroyJavaVM" [_thread_blocked, id=17384, stack(0x000000597bb00000,0x000000597bc00000)]
  0x000001be17573080 JavaThread "pool-8-thread-1" [_thread_in_native, id=6712, stack(0x000000597d400000,0x000000597d500000)]
  0x000001be1765a850 JavaThread "Simple-Language-Server main thread" daemon [_thread_blocked, id=15836, stack(0x000000597d500000,0x000000597d600000)]
  0x000001be15f24720 JavaThread "pool-5-thread-1" [_thread_blocked, id=1312, stack(0x000000597d600000,0x000000597d700000)]
  0x000001be17884ec0 JavaThread "Reconciler-1" [_thread_blocked, id=14624, stack(0x000000597d700000,0x000000597d800000)]
  0x000001be1787dab0 JavaThread "parallel-1" daemon [_thread_blocked, id=16184, stack(0x000000597d800000,0x000000597d900000)]
  0x000001be17900530 JavaThread "pool-3-thread-1" [_thread_blocked, id=16820, stack(0x000000597db00000,0x000000597dc00000)]
  0x000001be179013a0 JavaThread "pool-6-thread-1" [_thread_blocked, id=3984, stack(0x000000597dc00000,0x000000597dd00000)]
  0x000001be17900a00 JavaThread "pool-6-thread-2" [_thread_blocked, id=17024, stack(0x000000597dd00000,0x000000597de00000)]
  0x000001be17901870 JavaThread "pool-6-thread-3" [_thread_blocked, id=15676, stack(0x000000597de00000,0x000000597df00000)]

Other Threads:
=>0x000001be14952c60 VMThread "VM Thread" [stack: 0x000000597c100000,0x000000597c200000] [id=15948]
  0x000001be148fd350 WatcherThread [stack: 0x000000597cd00000,0x000000597ce00000] [id=1656]
  0x000001be0800cb40 GCTaskThread "GC Thread#0" [stack: 0x000000597bc00000,0x000000597bd00000] [id=4832]
  0x000001be15aa69a0 GCTaskThread "GC Thread#1" [stack: 0x000000597cf00000,0x000000597d000000] [id=15396]
  0x000001be15c58860 GCTaskThread "GC Thread#2" [stack: 0x000000597d000000,0x000000597d100000] [id=16412]
  0x000001be15c23fb0 GCTaskThread "GC Thread#3" [stack: 0x000000597d100000,0x000000597d200000] [id=1496]
  0x000001be0801e050 ConcurrentGCThread "G1 Main Marker" [stack: 0x000000597bd00000,0x000000597be00000] [id=13544]
  0x000001be08020210 ConcurrentGCThread "G1 Conc#0" [stack: 0x000000597be00000,0x000000597bf00000] [id=16808]
  0x000001be0808e180 ConcurrentGCThread "G1 Refine#0" [stack: 0x000000597bf00000,0x000000597c000000] [id=872]
  0x000001be0808eba0 ConcurrentGCThread "G1 Service" [stack: 0x000000597c000000,0x000000597c100000] [id=8920]

Threads with active compile tasks:

VM state: at safepoint (normal execution)

VM Mutex/Monitor currently owned by a thread:  ([mutex/lock_event])
[0x000001be05f07ab0] Threads_lock - owner thread: 0x000001be14952c60
[0x000001be07fb1a50] Heap_lock - owner thread: 0x000001be17441280

Heap address: 0x0000000085200000, size: 1966 MB, Compressed Oops mode: 32-bit

CDS archive(s) not mapped
Compressed class space mapped at: 0x0000000100000000-0x0000000140000000, reserved size: 1073741824
Narrow klass base: 0x0000000000000000, Narrow klass shift: 3, Narrow klass range: 0x140000000

GC Precious Log:
 CPUs: 4 total, 4 available
 Memory: 7862M
 Large Page Support: Disabled
 NUMA Support: Disabled
 Compressed Oops: Enabled (32-bit)
 Heap Region Size: 1M
 Heap Min Capacity: 8M
 Heap Initial Capacity: 124M
 Heap Max Capacity: 1966M
 Pre-touch: Disabled
 Parallel Workers: 4
 Concurrent Workers: 1
 Concurrent Refinement Workers: 4
 Periodic GC: Disabled

Heap:
 garbage-first heap   total 60416K, used 20113K [0x0000000085200000, 0x0000000100000000)
  region size 1024K, 1 young (1024K), 0 survivors (0K)
 Metaspace       used 38904K, committed 39360K, reserved 1089536K
  class space    used 4900K, committed 5120K, reserved 1048576K

Heap Regions: E=young(eden), S=young(survivor), O=old, HS=humongous(starts), HC=humongous(continues), CS=collection set, F=free, OA=open archive, CA=closed archive, TAMS=top-at-mark-start (previous, next)
|   0|0x0000000085200000, 0x0000000085300000, 0x0000000085300000|100%| O|  |TAMS 0x0000000085300000, 0x0000000085200000| Untracked 
|   1|0x0000000085300000, 0x00000000853ffff0, 0x0000000085400000| 99%| O|  |TAMS 0x00000000853ffff0, 0x0000000085300000| Untracked 
|   2|0x0000000085400000, 0x0000000085500000, 0x0000000085500000|100%| O|  |TAMS 0x0000000085500000, 0x0000000085400000| Untracked 
|   3|0x0000000085500000, 0x00000000855ffe00, 0x0000000085600000| 99%| O|  |TAMS 0x00000000855ffe00, 0x0000000085500000| Untracked 
|   4|0x0000000085600000, 0x0000000085700000, 0x0000000085700000|100%| O|  |TAMS 0x0000000085700000, 0x0000000085600000| Untracked 
|   5|0x0000000085700000, 0x00000000857ffff8, 0x0000000085800000| 99%| O|  |TAMS 0x00000000857ffff8, 0x0000000085700000| Untracked 
|   6|0x0000000085800000, 0x00000000858ffff0, 0x0000000085900000| 99%| O|  |TAMS 0x00000000858ffff0, 0x0000000085800000| Untracked 
|   7|0x0000000085900000, 0x00000000859ffff8, 0x0000000085a00000| 99%| O|  |TAMS 0x00000000859ffff8, 0x0000000085900000| Untracked 
|   8|0x0000000085a00000, 0x0000000085b00000, 0x0000000085b00000|100%|HS|  |TAMS 0x0000000085b00000, 0x0000000085a00000| Untracked 
|   9|0x0000000085b00000, 0x0000000085c00000, 0x0000000085c00000|100%| O|  |TAMS 0x0000000085c00000, 0x0000000085b00000| Untracked 
|  10|0x0000000085c00000, 0x0000000085cfffe0, 0x0000000085d00000| 99%| O|  |TAMS 0x0000000085cfffe0, 0x0000000085c00000| Untracked 
|  11|0x0000000085d00000, 0x0000000085dffca0, 0x0000000085e00000| 99%| O|  |TAMS 0x0000000085dffca0, 0x0000000085d00000| Untracked 
|  12|0x0000000085e00000, 0x0000000085efffd0, 0x0000000085f00000| 99%| O|  |TAMS 0x0000000085efffd0, 0x0000000085e00000| Untracked 
|  13|0x0000000085f00000, 0x0000000085ff36a8, 0x0000000086000000| 95%| O|  |TAMS 0x0000000085ff36a8, 0x0000000085f00000| Untracked 
|  14|0x0000000086000000, 0x0000000086100000, 0x0000000086100000|100%| O|  |TAMS 0x0000000086100000, 0x0000000086000000| Untracked 
|  15|0x0000000086100000, 0x0000000086200000, 0x0000000086200000|100%| O|  |TAMS 0x0000000086200000, 0x0000000086100000| Untracked 
|  16|0x0000000086200000, 0x00000000862fffe0, 0x0000000086300000| 99%| O|  |TAMS 0x00000000862fffe0, 0x0000000086200000| Untracked 
|  17|0x0000000086300000, 0x00000000863fe658, 0x0000000086400000| 99%| O|  |TAMS 0x00000000863fe658, 0x0000000086300000| Untracked 
|  18|0x0000000086400000, 0x0000000086467b98, 0x0000000086500000| 40%| O|  |TAMS 0x0000000086400000, 0x0000000086400000| Untracked 
|  19|0x0000000086500000, 0x0000000086550b38, 0x0000000086600000| 31%| O|  |TAMS 0x0000000086500000, 0x0000000086500000| Untracked 
|  20|0x0000000086600000, 0x00000000866fa940, 0x0000000086700000| 97%| O|  |TAMS 0x00000000866fa940, 0x0000000086600000| Untracked 
|  21|0x0000000086700000, 0x0000000086700000, 0x0000000086800000|  0%| F|  |TAMS 0x0000000086700000, 0x0000000086700000| Untracked 
|  22|0x0000000086800000, 0x0000000086800000, 0x0000000086900000|  0%| F|  |TAMS 0x0000000086800000, 0x0000000086800000| Untracked 
|  23|0x0000000086900000, 0x0000000086900000, 0x0000000086a00000|  0%| F|  |TAMS 0x0000000086900000, 0x0000000086900000| Untracked 
|  24|0x0000000086a00000, 0x0000000086a00000, 0x0000000086b00000|  0%| F|  |TAMS 0x0000000086a00000, 0x0000000086a00000| Untracked 
|  25|0x0000000086b00000, 0x0000000086b00000, 0x0000000086c00000|  0%| F|  |TAMS 0x0000000086b00000, 0x0000000086b00000| Untracked 
|  26|0x0000000086c00000, 0x0000000086c00000, 0x0000000086d00000|  0%| F|  |TAMS 0x0000000086c00000, 0x0000000086c00000| Untracked 
|  27|0x0000000086d00000, 0x0000000086d00000, 0x0000000086e00000|  0%| F|  |TAMS 0x0000000086d00000, 0x0000000086d00000| Untracked 
|  28|0x0000000086e00000, 0x0000000086e00000, 0x0000000086f00000|  0%| F|  |TAMS 0x0000000086e00000, 0x0000000086e00000| Untracked 
|  29|0x0000000086f00000, 0x0000000086f00000, 0x0000000087000000|  0%| F|  |TAMS 0x0000000086f00000, 0x0000000086f00000| Untracked 
|  30|0x0000000087000000, 0x0000000087000000, 0x0000000087100000|  0%| F|  |TAMS 0x0000000087000000, 0x0000000087000000| Untracked 
|  31|0x0000000087100000, 0x0000000087100000, 0x0000000087200000|  0%| F|  |TAMS 0x0000000087100000, 0x0000000087100000| Untracked 
|  32|0x0000000087200000, 0x0000000087200000, 0x0000000087300000|  0%| F|  |TAMS 0x0000000087200000, 0x0000000087200000| Untracked 
|  33|0x0000000087300000, 0x0000000087300000, 0x0000000087400000|  0%| F|  |TAMS 0x0000000087300000, 0x0000000087300000| Untracked 
|  34|0x0000000087400000, 0x0000000087400000, 0x0000000087500000|  0%| F|  |TAMS 0x0000000087400000, 0x0000000087400000| Untracked 
|  35|0x0000000087500000, 0x0000000087500000, 0x0000000087600000|  0%| F|  |TAMS 0x0000000087500000, 0x0000000087500000| Untracked 
|  36|0x0000000087600000, 0x0000000087600000, 0x0000000087700000|  0%| F|  |TAMS 0x0000000087600000, 0x0000000087600000| Untracked 
|  37|0x0000000087700000, 0x0000000087700000, 0x0000000087800000|  0%| F|  |TAMS 0x0000000087700000, 0x0000000087700000| Untracked 
|  38|0x0000000087800000, 0x0000000087800000, 0x0000000087900000|  0%| F|  |TAMS 0x0000000087800000, 0x0000000087800000| Untracked 
|  39|0x0000000087900000, 0x0000000087900000, 0x0000000087a00000|  0%| F|  |TAMS 0x0000000087900000, 0x0000000087900000| Untracked 
|  40|0x0000000087a00000, 0x0000000087a00000, 0x0000000087b00000|  0%| F|  |TAMS 0x0000000087a00000, 0x0000000087a00000| Untracked 
|  41|0x0000000087b00000, 0x0000000087b00000, 0x0000000087c00000|  0%| F|  |TAMS 0x0000000087b00000, 0x0000000087b00000| Untracked 
|  42|0x0000000087c00000, 0x0000000087c00000, 0x0000000087d00000|  0%| F|  |TAMS 0x0000000087c00000, 0x0000000087c00000| Untracked 
|  43|0x0000000087d00000, 0x0000000087d00000, 0x0000000087e00000|  0%| F|  |TAMS 0x0000000087d00000, 0x0000000087d00000| Untracked 
|  44|0x0000000087e00000, 0x0000000087e00000, 0x0000000087f00000|  0%| F|  |TAMS 0x0000000087e00000, 0x0000000087e00000| Untracked 
|  45|0x0000000087f00000, 0x0000000087f00000, 0x0000000088000000|  0%| F|  |TAMS 0x0000000087f00000, 0x0000000087f00000| Untracked 
|  46|0x0000000088000000, 0x0000000088000000, 0x0000000088100000|  0%| F|  |TAMS 0x0000000088000000, 0x0000000088000000| Untracked 
|  47|0x0000000088100000, 0x0000000088100000, 0x0000000088200000|  0%| F|  |TAMS 0x0000000088100000, 0x0000000088100000| Untracked 
|  48|0x0000000088200000, 0x0000000088200000, 0x0000000088300000|  0%| F|  |TAMS 0x0000000088200000, 0x0000000088200000| Untracked 
|  49|0x0000000088300000, 0x0000000088300000, 0x0000000088400000|  0%| F|  |TAMS 0x0000000088300000, 0x0000000088300000| Untracked 
|  50|0x0000000088400000, 0x0000000088400000, 0x0000000088500000|  0%| F|  |TAMS 0x0000000088400000, 0x0000000088400000| Untracked 
|  51|0x0000000088500000, 0x0000000088500000, 0x0000000088600000|  0%| F|  |TAMS 0x0000000088500000, 0x0000000088500000| Untracked 
| 106|0x000000008bc00000, 0x000000008bc00000, 0x000000008bd00000|  0%| F|  |TAMS 0x000000008bc00000, 0x000000008bc00000| Untracked 
| 107|0x000000008bd00000, 0x000000008bd00000, 0x000000008be00000|  0%| F|  |TAMS 0x000000008bd00000, 0x000000008bd00000| Untracked 
| 108|0x000000008be00000, 0x000000008be00000, 0x000000008bf00000|  0%| F|  |TAMS 0x000000008be00000, 0x000000008be00000| Untracked 
| 109|0x000000008bf00000, 0x000000008bf00000, 0x000000008c000000|  0%| F|  |TAMS 0x000000008bf00000, 0x000000008bf00000| Untracked 
| 110|0x000000008c000000, 0x000000008c000000, 0x000000008c100000|  0%| F|  |TAMS 0x000000008c000000, 0x000000008c000000| Untracked 
| 111|0x000000008c100000, 0x000000008c100000, 0x000000008c200000|  0%| F|  |TAMS 0x000000008c100000, 0x000000008c100000| Untracked 
| 123|0x000000008cd00000, 0x000000008cd0a3f0, 0x000000008ce00000|  4%| E|  |TAMS 0x000000008cd00000, 0x000000008cd00000| Complete 

Card table byte_map: [0x000001be0e020000,0x000001be0e400000] _byte_map_base: 0x000001be0dbf7000

Marking Bits (Prev, Next): (CMBitMap*) 0x000001be0800e1a0, (CMBitMap*) 0x000001be0800e160
 Prev Bits: [0x000001be106a0000, 0x000001be12558000)
 Next Bits: [0x000001be0e7e0000, 0x000001be10698000)

Polling page: 0x000001be05ed0000

Metaspace:

Usage:
  Non-class:     33.21 MB used.
      Class:      4.79 MB used.
       Both:     37.99 MB used.

Virtual space:
  Non-class space:       40.00 MB reserved,      33.44 MB ( 84%) committed,  5 nodes.
      Class space:        1.00 GB reserved,       5.00 MB ( <1%) committed,  1 nodes.
             Both:        1.04 GB reserved,      38.44 MB (  4%) committed. 

Chunk freelists:
   Non-Class:  2.31 MB
       Class:  3.04 MB
        Both:  5.35 MB

MaxMetaspaceSize: unlimited
CompressedClassSpaceSize: 1.00 GB
Initial GC threshold: 21.00 MB
Current GC threshold: 64.06 MB
CDS: off
MetaspaceReclaimPolicy: balanced
 - commit_granule_bytes: 65536.
 - commit_granule_words: 8192.
 - virtual_space_node_default_size: 1048576.
 - enlarge_chunks_in_place: 1.
 - new_chunks_are_fully_committed: 0.
 - uncommit_free_chunks: 1.
 - use_allocation_guard: 0.
 - handle_deallocations: 1.


Internal statistics:

num_allocs_failed_limit: 6.
num_arena_births: 356.
num_arena_deaths: 114.
num_vsnodes_births: 6.
num_vsnodes_deaths: 0.
num_space_committed: 615.
num_space_uncommitted: 0.
num_chunks_returned_to_freelist: 122.
num_chunks_taken_from_freelist: 1507.
num_chunk_merges: 44.
num_chunk_splits: 1050.
num_chunks_enlarged: 829.
num_purges: 4.
num_inconsistent_stats: 0.

CodeCache: size=49152Kb used=8375Kb max_used=9238Kb free=40776Kb
 bounds [0x000001be0ac40000, 0x000001be0b5c0000, 0x000001be0dc40000]
 total_blobs=4900 nmethods=4351 adapters=476
 compilation: enabled
              stopped_count=0, restarted_count=0
 full_count=0

Compilation events (20 events):
Event: 2698.828 Thread 0x000001be15433de0 4338       1       java.lang.ProcessEnvironment::toEnvironmentBlock (16 bytes)
Event: 2698.829 Thread 0x000001be15433de0 nmethod 4338 0x000001be0ad84890 code [0x000001be0ad84a20, 0x000001be0ad84b48]
Event: 2698.829 Thread 0x000001be15433de0 4339   !   1       java.lang.ProcessImpl::<init> (327 bytes)
Event: 2698.838 Thread 0x000001be15433de0 nmethod 4339 0x000001be0ad81f90 code [0x000001be0ad823a0, 0x000001be0ad83628]
Event: 2698.838 Thread 0x000001be15433de0 4340       1       java.lang.Process::<init> (5 bytes)
Event: 2698.838 Thread 0x000001be15433de0 nmethod 4340 0x000001be0ad81c90 code [0x000001be0ad81e20, 0x000001be0ad81ed8]
Event: 2698.838 Thread 0x000001be15433de0 4342       1       java.lang.invoke.Invokers$Holder::linkToTargetMethod (9 bytes)
Event: 2698.839 Thread 0x000001be15433de0 nmethod 4342 0x000001be0ad81910 code [0x000001be0ad81ac0, 0x000001be0ad81bd8]
Event: 2698.839 Thread 0x000001be15433de0 4343       1       java.lang.invoke.LambdaForm$DMH/0x0000000100502400::newInvokeSpecial (23 bytes)
Event: 2698.839 Thread 0x000001be15433de0 nmethod 4343 0x000001be0ad81490 code [0x000001be0ad81640, 0x000001be0ad817c8]
Event: 2698.839 Thread 0x000001be15433de0 4344       1       java.lang.ProcessImpl$$Lambda$614/0x00000001004e2940::<init> (10 bytes)
Event: 2698.840 Thread 0x000001be15433de0 nmethod 4344 0x000001be0ad81190 code [0x000001be0ad81320, 0x000001be0ad813f8]
Event: 2698.840 Thread 0x000001be15433de0 4346       1       java.lang.ProcessHandleImpl::getInternal (13 bytes)
Event: 2698.840 Thread 0x000001be15433de0 nmethod 4346 0x000001be0ad80e10 code [0x000001be0ad80fa0, 0x000001be0ad81108]
Event: 2699.122 Thread 0x000001be15433de0 4347   !   1       java.io.FilterOutputStream::close (183 bytes)
Event: 2699.123 Thread 0x000001be15433de0 nmethod 4347 0x000001be0ad80490 code [0x000001be0ad806a0, 0x000001be0ad80b78]
Event: 2699.159 Thread 0x000001be15433de0 4349       1       java.lang.ProcessImpl$$Lambda$614/0x00000001004e2940::run (8 bytes)
Event: 2699.160 Thread 0x000001be15433de0 nmethod 4349 0x000001be0ad7f990 code [0x000001be0ad7fb20, 0x000001be0ad7fc08]
Event: 2699.160 Thread 0x000001be15433de0 4350       1       java.lang.ProcessImpl::lambda$new$0 (6 bytes)
Event: 2699.160 Thread 0x000001be15433de0 nmethod 4350 0x000001be0ad7f690 code [0x000001be0ad7f820, 0x000001be0ad7f8e8]

GC Heap History (20 events):
Event: 3102.798 GC heap before
{Heap before GC invocations=311 (full 294):
 garbage-first heap   total 60416K, used 20113K [0x0000000085200000, 0x0000000100000000)
  region size 1024K, 1 young (1024K), 0 survivors (0K)
 Metaspace       used 38904K, committed 39360K, reserved 1089536K
  class space    used 4900K, committed 5120K, reserved 1048576K
}
Event: 3102.832 GC heap after
{Heap after GC invocations=312 (full 295):
 garbage-first heap   total 60416K, used 20113K [0x0000000085200000, 0x0000000100000000)
  region size 1024K, 0 young (0K), 0 survivors (0K)
 Metaspace       used 38904K, committed 39360K, reserved 1089536K
  class space    used 4900K, committed 5120K, reserved 1048576K
}
Event: 3113.164 GC heap before
{Heap before GC invocations=312 (full 295):
 garbage-first heap   total 60416K, used 20113K [0x0000000085200000, 0x0000000100000000)
  region size 1024K, 1 young (1024K), 0 survivors (0K)
 Metaspace       used 38904K, committed 39360K, reserved 1089536K
  class space    used 4900K, committed 5120K, reserved 1048576K
}
Event: 3113.202 GC heap after
{Heap after GC invocations=313 (full 296):
 garbage-first heap   total 60416K, used 20113K [0x0000000085200000, 0x0000000100000000)
  region size 1024K, 0 young (0K), 0 survivors (0K)
 Metaspace       used 38904K, committed 39360K, reserved 1089536K
  class space    used 4900K, committed 5120K, reserved 1048576K
}
Event: 3123.549 GC heap before
{Heap before GC invocations=313 (full 296):
 garbage-first heap   total 60416K, used 20113K [0x0000000085200000, 0x0000000100000000)
  region size 1024K, 1 young (1024K), 0 survivors (0K)
 Metaspace       used 38904K, committed 39360K, reserved 1089536K
  class space    used 4900K, committed 5120K, reserved 1048576K
}
Event: 3123.584 GC heap after
{Heap after GC invocations=314 (full 297):
 garbage-first heap   total 60416K, used 20113K [0x0000000085200000, 0x0000000100000000)
  region size 1024K, 0 young (0K), 0 survivors (0K)
 Metaspace       used 38904K, committed 39360K, reserved 1089536K
  class space    used 4900K, committed 5120K, reserved 1048576K
}
Event: 3133.913 GC heap before
{Heap before GC invocations=314 (full 297):
 garbage-first heap   total 60416K, used 20113K [0x0000000085200000, 0x0000000100000000)
  region size 1024K, 1 young (1024K), 0 survivors (0K)
 Metaspace       used 38904K, committed 39360K, reserved 1089536K
  class space    used 4900K, committed 5120K, reserved 1048576K
}
Event: 3133.948 GC heap after
{Heap after GC invocations=315 (full 298):
 garbage-first heap   total 60416K, used 20113K [0x0000000085200000, 0x0000000100000000)
  region size 1024K, 0 young (0K), 0 survivors (0K)
 Metaspace       used 38904K, committed 39360K, reserved 1089536K
  class space    used 4900K, committed 5120K, reserved 1048576K
}
Event: 3144.265 GC heap before
{Heap before GC invocations=315 (full 298):
 garbage-first heap   total 60416K, used 20113K [0x0000000085200000, 0x0000000100000000)
  region size 1024K, 1 young (1024K), 0 survivors (0K)
 Metaspace       used 38904K, committed 39360K, reserved 1089536K
  class space    used 4900K, committed 5120K, reserved 1048576K
}
Event: 3144.302 GC heap after
{Heap after GC invocations=316 (full 299):
 garbage-first heap   total 60416K, used 20113K [0x0000000085200000, 0x0000000100000000)
  region size 1024K, 0 young (0K), 0 survivors (0K)
 Metaspace       used 38904K, committed 39360K, reserved 1089536K
  class space    used 4900K, committed 5120K, reserved 1048576K
}
Event: 3154.640 GC heap before
{Heap before GC invocations=316 (full 299):
 garbage-first heap   total 60416K, used 20113K [0x0000000085200000, 0x0000000100000000)
  region size 1024K, 1 young (1024K), 0 survivors (0K)
 Metaspace       used 38904K, committed 39360K, reserved 1089536K
  class space    used 4900K, committed 5120K, reserved 1048576K
}
Event: 3154.675 GC heap after
{Heap after GC invocations=317 (full 300):
 garbage-first heap   total 60416K, used 20113K [0x0000000085200000, 0x0000000100000000)
  region size 1024K, 0 young (0K), 0 survivors (0K)
 Metaspace       used 38904K, committed 39360K, reserved 1089536K
  class space    used 4900K, committed 5120K, reserved 1048576K
}
Event: 3165.007 GC heap before
{Heap before GC invocations=317 (full 300):
 garbage-first heap   total 60416K, used 20113K [0x0000000085200000, 0x0000000100000000)
  region size 1024K, 1 young (1024K), 0 survivors (0K)
 Metaspace       used 38904K, committed 39360K, reserved 1089536K
  class space    used 4900K, committed 5120K, reserved 1048576K
}
Event: 3165.044 GC heap after
{Heap after GC invocations=318 (full 301):
 garbage-first heap   total 60416K, used 20113K [0x0000000085200000, 0x0000000100000000)
  region size 1024K, 0 young (0K), 0 survivors (0K)
 Metaspace       used 38904K, committed 39360K, reserved 1089536K
  class space    used 4900K, committed 5120K, reserved 1048576K
}
Event: 3175.361 GC heap before
{Heap before GC invocations=318 (full 301):
 garbage-first heap   total 60416K, used 20113K [0x0000000085200000, 0x0000000100000000)
  region size 1024K, 1 young (1024K), 0 survivors (0K)
 Metaspace       used 38904K, committed 39360K, reserved 1089536K
  class space    used 4900K, committed 5120K, reserved 1048576K
}
Event: 3175.395 GC heap after
{Heap after GC invocations=319 (full 302):
 garbage-first heap   total 60416K, used 20113K [0x0000000085200000, 0x0000000100000000)
  region size 1024K, 0 young (0K), 0 survivors (0K)
 Metaspace       used 38904K, committed 39360K, reserved 1089536K
  class space    used 4900K, committed 5120K, reserved 1048576K
}
Event: 3185.725 GC heap before
{Heap before GC invocations=319 (full 302):
 garbage-first heap   total 60416K, used 20113K [0x0000000085200000, 0x0000000100000000)
  region size 1024K, 1 young (1024K), 0 survivors (0K)
 Metaspace       used 38904K, committed 39360K, reserved 1089536K
  class space    used 4900K, committed 5120K, reserved 1048576K
}
Event: 3185.762 GC heap after
{Heap after GC invocations=320 (full 303):
 garbage-first heap   total 60416K, used 20113K [0x0000000085200000, 0x0000000100000000)
  region size 1024K, 0 young (0K), 0 survivors (0K)
 Metaspace       used 38904K, committed 39360K, reserved 1089536K
  class space    used 4900K, committed 5120K, reserved 1048576K
}
Event: 3196.090 GC heap before
{Heap before GC invocations=320 (full 303):
 garbage-first heap   total 60416K, used 20113K [0x0000000085200000, 0x0000000100000000)
  region size 1024K, 1 young (1024K), 0 survivors (0K)
 Metaspace       used 38904K, committed 39360K, reserved 1089536K
  class space    used 4900K, committed 5120K, reserved 1048576K
}
Event: 3196.126 GC heap after
{Heap after GC invocations=321 (full 304):
 garbage-first heap   total 60416K, used 20113K [0x0000000085200000, 0x0000000100000000)
  region size 1024K, 0 young (0K), 0 survivors (0K)
 Metaspace       used 38904K, committed 39360K, reserved 1089536K
  class space    used 4900K, committed 5120K, reserved 1048576K
}

Deoptimization events (20 events):
Event: 3.180 Thread 0x000001be17573080 DEOPT PACKING pc=0x000001be0b0c9801 sp=0x000000597d4fdae0
Event: 3.180 Thread 0x000001be17573080 DEOPT UNPACKING pc=0x000001be0ac92b43 sp=0x000000597d4fcf70 mode 3
Event: 3.865 Thread 0x000001be1765a850 DEOPT PACKING pc=0x000001be0b0b5217 sp=0x000000597d5ff260
Event: 3.865 Thread 0x000001be1765a850 DEOPT UNPACKING pc=0x000001be0ac92b43 sp=0x000000597d5fe6b8 mode 3
Event: 7.878 Thread 0x000001be17884ec0 DEOPT PACKING pc=0x000001be0b4218ea sp=0x000000597d7fd2b0
Event: 7.878 Thread 0x000001be17884ec0 DEOPT UNPACKING pc=0x000001be0ac92b43 sp=0x000000597d7fc770 mode 3
Event: 7.911 Thread 0x000001be17884ec0 DEOPT PACKING pc=0x000001be0b443ef0 sp=0x000000597d7fc7a0
Event: 7.912 Thread 0x000001be17884ec0 DEOPT UNPACKING pc=0x000001be0ac92b43 sp=0x000000597d7fbc98 mode 3
Event: 7.931 Thread 0x000001be17884ec0 DEOPT PACKING pc=0x000001be0b459b5b sp=0x000000597d7fd190
Event: 7.931 Thread 0x000001be17884ec0 DEOPT UNPACKING pc=0x000001be0ac92b43 sp=0x000000597d7fc608 mode 3
Event: 7.965 Thread 0x000001be17900530 DEOPT PACKING pc=0x000001be0b46d994 sp=0x000000597dbfddb0
Event: 7.965 Thread 0x000001be17900530 DEOPT UNPACKING pc=0x000001be0ac92b43 sp=0x000000597dbfd268 mode 3
Event: 7.984 Thread 0x000001be17900530 DEOPT PACKING pc=0x000001be0b485880 sp=0x000000597dbfc240
Event: 7.984 Thread 0x000001be17900530 DEOPT UNPACKING pc=0x000001be0ac92b43 sp=0x000000597dbfb6f8 mode 3
Event: 7.984 Thread 0x000001be17900530 DEOPT PACKING pc=0x000001be0b48740c sp=0x000000597dbfc150
Event: 7.984 Thread 0x000001be17900530 DEOPT UNPACKING pc=0x000001be0ac92b43 sp=0x000000597dbfb630 mode 3
Event: 8.162 Thread 0x000001be17900530 DEOPT PACKING pc=0x000001be0b4a80c6 sp=0x000000597dbfdaf0
Event: 8.162 Thread 0x000001be17900530 DEOPT UNPACKING pc=0x000001be0ac92b43 sp=0x000000597dbfcfe0 mode 3
Event: 73.593 Thread 0x000001be17573080 DEOPT PACKING pc=0x000001be0b1e9b54 sp=0x000000597d4fefe0
Event: 73.593 Thread 0x000001be17573080 DEOPT UNPACKING pc=0x000001be0ac92b43 sp=0x000000597d4fe488 mode 0

Classes unloaded (20 events):
Event: 63.134 Thread 0x000001be14952c60 Unloading class 0x00000001002e2000 'java/lang/invoke/LambdaForm$MH+0x00000001002e2000'
Event: 63.134 Thread 0x000001be14952c60 Unloading class 0x00000001002e1c00 'java/lang/invoke/LambdaForm$MH+0x00000001002e1c00'
Event: 63.134 Thread 0x000001be14952c60 Unloading class 0x00000001002e1800 'java/lang/invoke/LambdaForm$MH+0x00000001002e1800'
Event: 63.134 Thread 0x000001be14952c60 Unloading class 0x00000001002e1400 'java/lang/invoke/LambdaForm$MH+0x00000001002e1400'
Event: 63.134 Thread 0x000001be14952c60 Unloading class 0x00000001002e0c00 'java/lang/invoke/LambdaForm$DMH+0x00000001002e0c00'
Event: 63.134 Thread 0x000001be14952c60 Unloading class 0x00000001002e0400 'java/lang/invoke/LambdaForm$DMH+0x00000001002e0400'
Event: 63.134 Thread 0x000001be14952c60 Unloading class 0x00000001001dec00 'java/lang/invoke/LambdaForm$MH+0x00000001001dec00'
Event: 63.134 Thread 0x000001be14952c60 Unloading class 0x00000001001de800 'java/lang/invoke/LambdaForm$MH+0x00000001001de800'
Event: 63.134 Thread 0x000001be14952c60 Unloading class 0x00000001001de400 'java/lang/invoke/LambdaForm$MH+0x00000001001de400'
Event: 63.134 Thread 0x000001be14952c60 Unloading class 0x00000001001de000 'java/lang/invoke/LambdaForm$MH+0x00000001001de000'
Event: 63.134 Thread 0x000001be14952c60 Unloading class 0x00000001001ddc00 'java/lang/invoke/LambdaForm$MH+0x00000001001ddc00'
Event: 63.134 Thread 0x000001be14952c60 Unloading class 0x00000001001dd400 'java/lang/invoke/LambdaForm$MH+0x00000001001dd400'
Event: 63.134 Thread 0x000001be14952c60 Unloading class 0x00000001000ca800 'java/lang/invoke/LambdaForm$MH+0x00000001000ca800'
Event: 63.134 Thread 0x000001be14952c60 Unloading class 0x00000001000ca000 'java/lang/invoke/LambdaForm$MH+0x00000001000ca000'
Event: 63.134 Thread 0x000001be14952c60 Unloading class 0x00000001000c9c00 'java/lang/invoke/LambdaForm$MH+0x00000001000c9c00'
Event: 63.134 Thread 0x000001be14952c60 Unloading class 0x00000001000c9800 'java/lang/invoke/LambdaForm$MH+0x00000001000c9800'
Event: 63.134 Thread 0x000001be14952c60 Unloading class 0x00000001000c9000 'java/lang/invoke/LambdaForm$MH+0x00000001000c9000'
Event: 63.134 Thread 0x000001be14952c60 Unloading class 0x00000001000c8c00 'java/lang/invoke/LambdaForm$MH+0x00000001000c8c00'
Event: 63.134 Thread 0x000001be14952c60 Unloading class 0x00000001000c8800 'java/lang/invoke/LambdaForm$MH+0x00000001000c8800'
Event: 63.134 Thread 0x000001be14952c60 Unloading class 0x00000001000c8000 'java/lang/invoke/LambdaForm$MH+0x00000001000c8000'

Classes redefined (0 events):
No events

Internal exceptions (20 events):
Event: 7.984 Thread 0x000001be17900530 Implicit null exception at 0x000001be0b486f0f to 0x000001be0b487407
Event: 8.005 Thread 0x000001be17900530 Exception <a 'java/lang/ArrayIndexOutOfBoundsException'{0x0000000087eab610}> (0x0000000087eab610) 
thrown [e:\jenkins\tmp\workspace\build\src\src\hotspot\share\runtime\sharedRuntime.cpp, line 628]
Event: 8.162 Thread 0x000001be17900530 Implicit null exception at 0x000001be0b4a7b25 to 0x000001be0b4a80c1
Event: 8.187 Thread 0x000001be17900530 Exception <a 'java/lang/ArrayIndexOutOfBoundsException'{0x000000008766a380}> (0x000000008766a380) 
thrown [e:\jenkins\tmp\workspace\build\src\src\hotspot\share\runtime\sharedRuntime.cpp, line 628]
Event: 8.190 Thread 0x000001be17900530 Exception <a 'java/lang/ArrayIndexOutOfBoundsException'{0x0000000087684488}> (0x0000000087684488) 
thrown [e:\jenkins\tmp\workspace\build\src\src\hotspot\share\runtime\sharedRuntime.cpp, line 628]
Event: 8.235 Thread 0x000001be17900530 Exception <a 'java/lang/ArrayIndexOutOfBoundsException'{0x000000008cde4280}> (0x000000008cde4280) 
thrown [e:\jenkins\tmp\workspace\build\src\src\hotspot\share\runtime\sharedRuntime.cpp, line 628]
Event: 8.236 Thread 0x000001be17900530 Exception <a 'java/lang/ArrayIndexOutOfBoundsException'{0x000000008cdf8b10}> (0x000000008cdf8b10) 
thrown [e:\jenkins\tmp\workspace\build\src\src\hotspot\share\runtime\sharedRuntime.cpp, line 628]
Event: 8.285 Thread 0x000001be17900530 Exception <a 'java/lang/ArrayIndexOutOfBoundsException'{0x000000008beb0168}> (0x000000008beb0168) 
thrown [e:\jenkins\tmp\workspace\build\src\src\hotspot\share\runtime\sharedRuntime.cpp, line 628]
Event: 8.286 Thread 0x000001be17900530 Exception <a 'java/lang/ArrayIndexOutOfBoundsException'{0x000000008bec85a0}> (0x000000008bec85a0) 
thrown [e:\jenkins\tmp\workspace\build\src\src\hotspot\share\runtime\sharedRuntime.cpp, line 628]
Event: 8.298 Thread 0x000001be17900530 Exception <a 'java/lang/ArrayIndexOutOfBoundsException'{0x000000008bd30748}> (0x000000008bd30748) 
thrown [e:\jenkins\tmp\workspace\build\src\src\hotspot\share\runtime\sharedRuntime.cpp, line 628]
Event: 8.309 Thread 0x000001be17900530 Exception <a 'java/lang/ArrayIndexOutOfBoundsException'{0x000000008bda1c38}> (0x000000008bda1c38) 
thrown [e:\jenkins\tmp\workspace\build\src\src\hotspot\share\runtime\sharedRuntime.cpp, line 628]
Event: 8.310 Thread 0x000001be17900530 Exception <a 'java/lang/ArrayIndexOutOfBoundsException'{0x000000008bdb71e0}> (0x000000008bdb71e0) 
thrown [e:\jenkins\tmp\workspace\build\src\src\hotspot\share\runtime\sharedRuntime.cpp, line 628]
Event: 8.329 Thread 0x000001be17900530 Exception <a 'java/lang/NoSuchMethodError'{0x000000008bc734c0}: 'void java.lang.invoke.DirectMethodHandle$Holder.invokeStatic(java.lang.Object, java.lang.Object, java.lang.Object, java.lang.Object, java.lang.Object, java.lang.Object)'> (0x000000008bc734c0) 
thrown [e:\jenkins\tmp\workspace\build\src\src\hotspot\share\interpreter\linkResolver.cpp, line 766]
Event: 16.862 Thread 0x000001be17573080 Exception <a 'java/lang/NoSuchMethodError'{0x0000000088318610}: 'java.lang.Object java.lang.invoke.DirectMethodHandle$Holder.invokeInterface(java.lang.Object, java.lang.Object, java.lang.Object)'> (0x0000000088318610) 
thrown [e:\jenkins\tmp\workspace\build\src\src\hotspot\share\interpreter\linkResolver.cpp, line 766]
Event: 16.873 Thread 0x000001be17900a00 Exception <a 'java/lang/NoSuchMethodError'{0x00000000883eaa70}: 'java.lang.Object java.lang.invoke.DirectMethodHandle$Holder.invokeStatic(java.lang.Object, java.lang.Object, long, java.lang.Object)'> (0x00000000883eaa70) 
thrown [e:\jenkins\tmp\workspace\build\src\src\hotspot\share\interpreter\linkResolver.cpp, line 766]
Event: 16.873 Thread 0x000001be17900a00 Exception <a 'java/lang/NoSuchMethodError'{0x00000000883ee260}: 'java.lang.Object java.lang.invoke.DirectMethodHandle$Holder.invokeStaticInit(java.lang.Object, java.lang.Object, long, java.lang.Object)'> (0x00000000883ee260) 
thrown [e:\jenkins\tmp\workspace\build\src\src\hotspot\share\interpreter\linkResolver.cpp, line 766]
Event: 16.874 Thread 0x000001be17900a00 Exception <a 'java/lang/NoSuchMethodError'{0x00000000882035c0}: 'java.lang.Object java.lang.invoke.DirectMethodHandle$Holder.newInvokeSpecial(java.lang.Object, java.lang.Object, long)'> (0x00000000882035c0) 
thrown [e:\jenkins\tmp\workspace\build\src\src\hotspot\share\interpreter\linkResolver.cpp, line 766]
Event: 52.770 Thread 0x000001be17441280 Exception <a 'java/lang/NoSuchMethodError'{0x00000000882e4fe0}: 'void java.lang.invoke.DirectMethodHandle$Holder.invokeStatic(java.lang.Object, long)'> (0x00000000882e4fe0) 
thrown [e:\jenkins\tmp\workspace\build\src\src\hotspot\share\interpreter\linkResolver.cpp, line 766]
Event: 52.771 Thread 0x000001be17441280 Exception <a 'java/lang/NoSuchMethodError'{0x00000000882ea388}: 'java.lang.Object java.lang.invoke.DirectMethodHandle$Holder.newInvokeSpecial(java.lang.Object, long)'> (0x00000000882ea388) 
thrown [e:\jenkins\tmp\workspace\build\src\src\hotspot\share\interpreter\linkResolver.cpp, line 766]
Event: 73.603 Thread 0x000001be17901d40 Exception <a 'java/lang/ArrayIndexOutOfBoundsException'{0x000000008cd4e788}> (0x000000008cd4e788) 
thrown [e:\jenkins\tmp\workspace\build\src\src\hotspot\share\runtime\sharedRuntime.cpp, line 628]

VM Operations (20 events):
Event: 3102.832 Executing VM operation: G1CollectFull done
Event: 3113.163 Executing VM operation: G1CollectFull
Event: 3113.202 Executing VM operation: G1CollectFull done
Event: 3123.549 Executing VM operation: G1CollectFull
Event: 3123.585 Executing VM operation: G1CollectFull done
Event: 3133.913 Executing VM operation: G1CollectFull
Event: 3133.948 Executing VM operation: G1CollectFull done
Event: 3144.265 Executing VM operation: G1CollectFull
Event: 3144.302 Executing VM operation: G1CollectFull done
Event: 3154.640 Executing VM operation: G1CollectFull
Event: 3154.675 Executing VM operation: G1CollectFull done
Event: 3165.007 Executing VM operation: G1CollectFull
Event: 3165.045 Executing VM operation: G1CollectFull done
Event: 3175.361 Executing VM operation: G1CollectFull
Event: 3175.395 Executing VM operation: G1CollectFull done
Event: 3185.725 Executing VM operation: G1CollectFull
Event: 3185.762 Executing VM operation: G1CollectFull done
Event: 3196.089 Executing VM operation: G1CollectFull
Event: 3196.126 Executing VM operation: G1CollectFull done
Event: 3206.276 Executing VM operation: G1CollectFull

Events (20 events):
Event: 16.872 loading class java/lang/ProcessHandleImpl
Event: 16.872 loading class java/lang/ProcessHandleImpl done
Event: 21.929 Thread 0x000001be1557fb50 Thread exited: 0x000001be1557fb50
Event: 26.934 Thread 0x000001be15575620 Thread exited: 0x000001be15575620
Event: 52.763 loading class java/lang/ProcessBuilder
Event: 52.763 loading class java/lang/ProcessBuilder done
Event: 52.763 loading class java/lang/ProcessImpl
Event: 52.764 loading class java/lang/Process
Event: 52.764 loading class java/lang/Process done
Event: 52.764 loading class java/lang/ProcessImpl done
Event: 52.771 loading class java/lang/ProcessImpl$2
Event: 52.772 loading class java/lang/ProcessImpl$2 done
Event: 52.772 loading class java/lang/Process$PipeInputStream
Event: 52.772 loading class java/lang/Process$PipeInputStream done
Event: 52.773 loading class jdk/internal/event/ProcessStartEvent
Event: 52.773 loading class jdk/internal/event/ProcessStartEvent done
Event: 66.896 Thread 0x000001be17900060 Thread exited: 0x000001be17900060
Event: 68.192 Thread 0x000001be17900ed0 Thread exited: 0x000001be17900ed0
Event: 73.594 Thread 0x000001be17901d40 Thread added: 0x000001be17901d40
Event: 133.652 Thread 0x000001be17901d40 Thread exited: 0x000001be17901d40


Dynamic libraries:
0x00007ff606fc0000 - 0x00007ff606fce000 	c:\Users\user\.vscode\extensions\redhat.java-1.7.0-win32-x64\jre\17.0.3-win32-x86_64\bin\java.exe
0x00007ffacde50000 - 0x00007fface045000 	C:\WINDOWS\SYSTEM32\ntdll.dll
0x00007ffacdd50000 - 0x00007ffacde0d000 	C:\WINDOWS\System32\KERNEL32.DLL
0x00007ffacb590000 - 0x00007ffacb85d000 	C:\WINDOWS\System32\KERNELBASE.dll
0x00007ffacbd30000 - 0x00007ffacbe30000 	C:\WINDOWS\System32\ucrtbase.dll
0x00007ffab2170000 - 0x00007ffab2189000 	c:\Users\user\.vscode\extensions\redhat.java-1.7.0-win32-x64\jre\17.0.3-win32-x86_64\bin\VCRUNTIME140.dll
0x00007ffab8010000 - 0x00007ffab8028000 	c:\Users\user\.vscode\extensions\redhat.java-1.7.0-win32-x64\jre\17.0.3-win32-x86_64\bin\jli.dll
0x00007ffacda00000 - 0x00007ffacdba0000 	C:\WINDOWS\System32\USER32.dll
0x00007ffacb560000 - 0x00007ffacb582000 	C:\WINDOWS\System32\win32u.dll
0x00007ffacc390000 - 0x00007ffacc3ba000 	C:\WINDOWS\System32\GDI32.dll
0x00007ffab9b00000 - 0x00007ffab9d9a000 	C:\WINDOWS\WinSxS\amd64_microsoft.windows.common-controls_6595b64144ccf1df_6.0.19041.1110_none_60b5254171f9507e\COMCTL32.dll
0x00007ffacbb00000 - 0x00007ffacbc0b000 	C:\WINDOWS\System32\gdi32full.dll
0x00007ffacd960000 - 0x00007ffacd9fe000 	C:\WINDOWS\System32\msvcrt.dll
0x00007ffacbc60000 - 0x00007ffacbcfd000 	C:\WINDOWS\System32\msvcp_win.dll
0x00007ffaccdf0000 - 0x00007ffacce20000 	C:\WINDOWS\System32\IMM32.DLL
0x00007ffabbf90000 - 0x00007ffabbf9c000 	c:\Users\user\.vscode\extensions\redhat.java-1.7.0-win32-x64\jre\17.0.3-win32-x86_64\bin\vcruntime140_1.dll
0x00007ffa80280000 - 0x00007ffa80311000 	c:\Users\user\.vscode\extensions\redhat.java-1.7.0-win32-x64\jre\17.0.3-win32-x86_64\bin\msvcp140.dll
0x00007ffa553f0000 - 0x00007ffa56038000 	c:\Users\user\.vscode\extensions\redhat.java-1.7.0-win32-x64\jre\17.0.3-win32-x86_64\bin\server\jvm.dll
0x00007ffacd170000 - 0x00007ffacd21e000 	C:\WINDOWS\System32\ADVAPI32.dll
0x00007ffaccee0000 - 0x00007ffaccf7c000 	C:\WINDOWS\System32\sechost.dll
0x00007ffacccc0000 - 0x00007ffaccde5000 	C:\WINDOWS\System32\RPCRT4.dll
0x00007ffaccb10000 - 0x00007ffaccb18000 	C:\WINDOWS\System32\PSAPI.DLL
0x00007ffab48a0000 - 0x00007ffab48a9000 	C:\WINDOWS\SYSTEM32\WSOCK32.dll
0x00007ffac34f0000 - 0x00007ffac34fa000 	C:\WINDOWS\SYSTEM32\VERSION.dll
0x00007ffab9200000 - 0x00007ffab9227000 	C:\WINDOWS\SYSTEM32\WINMM.dll
0x00007ffacd220000 - 0x00007ffacd28b000 	C:\WINDOWS\System32\WS2_32.dll
0x00007ffac9460000 - 0x00007ffac9472000 	C:\WINDOWS\SYSTEM32\kernel.appcore.dll
0x00007ffabbc20000 - 0x00007ffabbc2a000 	c:\Users\user\.vscode\extensions\redhat.java-1.7.0-win32-x64\jre\17.0.3-win32-x86_64\bin\jimage.dll
0x00007ffabb3e0000 - 0x00007ffabb5c4000 	C:\WINDOWS\SYSTEM32\DBGHELP.DLL
0x00007ffab4740000 - 0x00007ffab476c000 	C:\WINDOWS\SYSTEM32\dbgcore.DLL
0x00007ffacb910000 - 0x00007ffacb992000 	C:\WINDOWS\System32\bcryptPrimitives.dll
0x00007ffaafba0000 - 0x00007ffaafbc5000 	c:\Users\user\.vscode\extensions\redhat.java-1.7.0-win32-x64\jre\17.0.3-win32-x86_64\bin\java.dll
0x00007ffab2150000 - 0x00007ffab2168000 	c:\Users\user\.vscode\extensions\redhat.java-1.7.0-win32-x64\jre\17.0.3-win32-x86_64\bin\zip.dll
0x00007ffacc3c0000 - 0x00007ffaccb04000 	C:\WINDOWS\System32\SHELL32.dll
0x00007ffac9660000 - 0x00007ffac9df4000 	C:\WINDOWS\SYSTEM32\windows.storage.dll
0x00007ffacbf80000 - 0x00007ffacc2d4000 	C:\WINDOWS\System32\combase.dll
0x00007ffacaef0000 - 0x00007ffacaf1c000 	C:\WINDOWS\SYSTEM32\Wldp.dll
0x00007ffaccb20000 - 0x00007ffaccbcd000 	C:\WINDOWS\System32\SHCORE.dll
0x00007ffacdcf0000 - 0x00007ffacdd45000 	C:\WINDOWS\System32\shlwapi.dll
0x00007ffacb4a0000 - 0x00007ffacb4bf000 	C:\WINDOWS\SYSTEM32\profapi.dll
0x00007ffab01f0000 - 0x00007ffab0209000 	C:\Users\user\.vscode\extensions\redhat.java-1.7.0-win32-x64\jre\17.0.3-win32-x86_64\bin\net.dll
0x00007ffaba700000 - 0x00007ffaba80a000 	C:\WINDOWS\SYSTEM32\WINHTTP.dll
0x00007ffacac50000 - 0x00007ffacacba000 	C:\WINDOWS\system32\mswsock.dll
0x00007ffaafb80000 - 0x00007ffaafb95000 	C:\Users\user\.vscode\extensions\redhat.java-1.7.0-win32-x64\jre\17.0.3-win32-x86_64\bin\nio.dll
0x00007ffabbc00000 - 0x00007ffabbc10000 	c:\Users\user\.vscode\extensions\redhat.java-1.7.0-win32-x64\jre\17.0.3-win32-x86_64\bin\verify.dll
0x00007ffab9da0000 - 0x00007ffab9da9000 	C:\Users\user\.vscode\extensions\redhat.java-1.7.0-win32-x64\jre\17.0.3-win32-x86_64\bin\management.dll
0x00007ffab8cd0000 - 0x00007ffab8cdb000 	C:\Users\user\.vscode\extensions\redhat.java-1.7.0-win32-x64\jre\17.0.3-win32-x86_64\bin\management_ext.dll
0x00007ffaabb30000 - 0x00007ffaabb47000 	C:\WINDOWS\system32\napinsp.dll
0x00007ffaabb10000 - 0x00007ffaabb2b000 	C:\WINDOWS\system32\pnrpnsp.dll
0x00007ffac0660000 - 0x00007ffac0675000 	C:\WINDOWS\system32\wshbth.dll
0x00007ffac6f90000 - 0x00007ffac6fad000 	C:\WINDOWS\system32\NLAapi.dll
0x00007ffaca940000 - 0x00007ffaca97b000 	C:\WINDOWS\SYSTEM32\IPHLPAPI.DLL
0x00007ffaca980000 - 0x00007ffacaa4b000 	C:\WINDOWS\SYSTEM32\DNSAPI.dll
0x00007ffacd160000 - 0x00007ffacd168000 	C:\WINDOWS\System32\NSI.dll
0x00007ffaabaf0000 - 0x00007ffaabb02000 	C:\WINDOWS\System32\winrnr.dll
0x00007ffab7510000 - 0x00007ffab751a000 	C:\Windows\System32\rasadhlp.dll
0x00007ffab8390000 - 0x00007ffab8410000 	C:\WINDOWS\System32\fwpuclnt.dll
0x00007ffacbd00000 - 0x00007ffacbd27000 	C:\WINDOWS\System32\bcrypt.dll
0x00007ffacae40000 - 0x00007ffacae58000 	C:\WINDOWS\SYSTEM32\CRYPTSP.dll
0x00007ffaca5d0000 - 0x00007ffaca604000 	C:\WINDOWS\system32\rsaenh.dll
0x00007ffacb460000 - 0x00007ffacb48e000 	C:\WINDOWS\SYSTEM32\USERENV.dll
0x00007ffacae60000 - 0x00007ffacae6c000 	C:\WINDOWS\SYSTEM32\CRYPTBASE.dll
0x00007ffabc2c0000 - 0x00007ffabc2d7000 	C:\WINDOWS\SYSTEM32\dhcpcsvc6.DLL
0x00007ffac0770000 - 0x00007ffac078d000 	C:\WINDOWS\SYSTEM32\dhcpcsvc.DLL
0x00007ffab24f0000 - 0x00007ffab24f9000 	C:\Users\user\.vscode\extensions\redhat.java-1.7.0-win32-x64\jre\17.0.3-win32-x86_64\bin\attach.dll

dbghelp: loaded successfully - version: 4.0.5 - missing functions: none
symbol engine: initialized successfully - sym options: 0x614 - pdb path: .;c:\Users\user\.vscode\extensions\redhat.java-1.7.0-win32-x64\jre\17.0.3-win32-x86_64\bin;C:\WINDOWS\SYSTEM32;C:\WINDOWS\WinSxS\amd64_microsoft.windows.common-controls_6595b64144ccf1df_6.0.19041.1110_none_60b5254171f9507e;c:\Users\user\.vscode\extensions\redhat.java-1.7.0-win32-x64\jre\17.0.3-win32-x86_64\bin\server

VM Arguments:
jvm_args: -Dsts.lsp.client=vscode -Dsts.log.file=/dev/null -XX:TieredStopAtLevel=1 -Dspring.config.location=file:c:\Users\user\.vscode\extensions\pivotal.vscode-spring-boot-1.33.0\language-server\BOOT-INF\classes\application.properties 
java_command: org.springframework.ide.vscode.boot.app.BootLanguageServerBootApp
java_class_path (initial): c:\Users\user\.vscode\extensions\pivotal.vscode-spring-boot-1.33.0\language-server\BOOT-INF\classes;c:\Users\user\.vscode\extensions\pivotal.vscode-spring-boot-1.33.0\language-server\BOOT-INF\lib\antlr4-runtime-4.5.3.jar;c:\Users\user\.vscode\extensions\pivotal.vscode-spring-boot-1.33.0\language-server\BOOT-INF\lib\byte-buddy-1.10.18.jar;c:\Users\user\.vscode\extensions\pivotal.vscode-spring-boot-1.33.0\language-server\BOOT-INF\lib\commons-codec-1.14.jar;c:\Users\user\.vscode\extensions\pivotal.vscode-spring-boot-1.33.0\language-server\BOOT-INF\lib\commons-io-2.4.jar;c:\Users\user\.vscode\extensions\pivotal.vscode-spring-boot-1.33.0\language-server\BOOT-INF\lib\commons-java-1.33.0-SNAPSHOT.jar;c:\Users\user\.vscode\extensions\pivotal.vscode-spring-boot-1.33.0\language-server\BOOT-INF\lib\commons-lang3-3.10.jar;c:\Users\user\.vscode\extensions\pivotal.vscode-spring-boot-1.33.0\language-server\BOOT-INF\lib\commons-language-server-1.33.0-SNAPSHOT.jar;c:\Users\user\.vscode\extensions\pivotal.vscode-spring-boot-1.33.0\language-server\BOOT-INF\lib\commons-lsp-extensions-1.33.0-SNAPSHOT.jar;c:\Users\user\.vscode\extensions\pivotal.vscode-spring-boot-1.33.0\language-server\BOOT-INF\lib\commons-util-1.33.0-SNAPSHOT.jar;c:\Users\user\.vscode\extensions\pivotal.vscode-spring-boot-1.33.0\language-server\BOOT-INF\lib\commons-yaml-1.33.0-SNAPSHOT.jar;c:\Users\user\.vscode\extensions\pivotal.vscode-spring-boot-1.33.0\language-server\BOOT-INF\lib\gson-2.8.6.jar;c:\Users\user\.vscode\extensions\pivotal.vscode-spring-boot-1.33.0\language-server\BOOT-INF\lib\guava-19.0.jar;c:\Users\user\.vscode\extensions\pivotal.vscode-spring-boot-1.33.0\language-server\BOOT-INF\lib\jakarta.annotation-api-1.3.5.jar;c:\Users\user\.vscode\extensions\pivotal.vscode-spring-boot-1.33.0\language-server\BOOT-INF\lib\jandex-2.0.5.Final.jar;c:\Users\user\.vscode\extensions\pivotal.vscode-spring-boot-1.33.0\language-server\BOOT-INF\lib\java-properties-1.33.0-SNAPSHOT.jar;c:\Users\u
Launcher Type: SUN_STANDARD

[Global flags]
     intx CICompilerCount                          = 3                                         {product} {ergonomic}
     uint ConcGCThreads                            = 1                                         {product} {ergonomic}
     uint G1ConcRefinementThreads                  = 4                                         {product} {ergonomic}
   size_t G1HeapRegionSize                         = 1048576                                   {product} {ergonomic}
    uintx GCDrainStackTargetSize                   = 64                                        {product} {ergonomic}
   size_t InitialHeapSize                          = 130023424                                 {product} {ergonomic}
   size_t MarkStackSize                            = 4194304                                   {product} {ergonomic}
   size_t MaxHeapSize                              = 2061500416                                {product} {ergonomic}
   size_t MaxNewSize                               = 1236271104                                {product} {ergonomic}
   size_t MinHeapDeltaBytes                        = 1048576                                   {product} {ergonomic}
   size_t MinHeapSize                              = 8388608                                   {product} {ergonomic}
    uintx NonProfiledCodeHeapSize                  = 0                                      {pd product} {ergonomic}
     bool ProfileInterpreter                       = false                                  {pd product} {command line}
    uintx ProfiledCodeHeapSize                     = 0                                      {pd product} {ergonomic}
   size_t SoftMaxHeapSize                          = 2061500416                             {manageable} {ergonomic}
     intx TieredStopAtLevel                        = 1                                         {product} {command line}
     bool UseCompressedClassPointers               = true                           {product lp64_product} {ergonomic}
     bool UseCompressedOops                        = true                           {product lp64_product} {ergonomic}
     bool UseG1GC                                  = true                                      {product} {ergonomic}
     bool UseLargePagesIndividualAllocation        = false                                  {pd product} {ergonomic}

Logging:
Log output configuration:
 #0: stdout all=warning uptime,level,tags
 #1: stderr all=off uptime,level,tags

Environment Variables:
JAVA_HOME=C:\Program Files\Java\jdk-11.0.15
PATH=C:\Program Files\Common Files\Oracle\Java\javapath;C:\Program Files (x86)\Common Files\Oracle\Java\javapath;C:\Program Files (x86)\NVIDIA Corporation\PhysX\Common;C:\ProgramData\Oracle\Java\javapath;C:\WINDOWS\system32;C:\WINDOWS;C:\WINDOWS\System32\Wbem;C:\WINDOWS\System32\WindowsPowerShell\v1.0\;C:\Program Files (x86)\Skype\Phone\;C:\Program Files\WIDCOMM\Bluetooth Software\;C:\Program Files\WIDCOMM\Bluetooth Software\syswow64;C:\WINDOWS\System32\OpenSSH\;C:\Program Files (x86)\Intel\Intel(R) Management Engine Components\DAL;C:\Program Files\Intel\Intel(R) Management Engine Components\DAL;C:\Program Files (x86)\nodejs\;C:\Program Files\Java\jdk-11.0.15\bin;C:\Program Files\apache-maven-3.8.5\bin;C:\Users\user\AppData\Local\Microsoft\WindowsApps;C:\Users\user\AppData\Local\Programs\Git\cmd;C:\Users\user\AppData\Local\Programs\Microsoft VS Code\bin;C:\Users\user\AppData\Roaming\npm
USERNAME=user
OS=Windows_NT
PROCESSOR_IDENTIFIER=Intel64 Family 6 Model 78 Stepping 3, GenuineIntel



---------------  S Y S T E M  ---------------

OS:
 Windows 10 , 64 bit Build 19041 (10.0.19041.1706)
OS uptime: 1 days 9:32 hours

CPU: total 4 (initial active 4) (2 cores per cpu, 2 threads per core) family 6 model 78 stepping 3 microcode 0xea, cx8, cmov, fxsr, ht, mmx, 3dnowpref, sse, sse2, sse3, ssse3, sse4.1, sse4.2, popcnt, lzcnt, tsc, tscinvbit, avx, avx2, aes, erms, clmul, bmi1, bmi2, rtm, adx, fma, vzeroupper, clflush, clflushopt

Memory: 4k page, system-wide physical 7862M (1678M free)
TotalPageFile size 11862M (AvailPageFile size 5M)
current process WorkingSet (physical memory assigned to process): 154M, peak: 156M
current process commit charge ("private bytes"): 182M, peak: 217M

vm_info: OpenJDK 64-Bit Server VM (17.0.3+7) for windows-amd64 JRE (17.0.3+7), built on Apr 19 2022 16:55:35 by "" with MS VC++ 16.7 (VS2019)

END.
